<?xml version="1.0" encoding="UTF-8" ?>
<!DOCTYPE struts PUBLIC
	"-//Apache Software Foundation//DTD Struts Configuration 2.3//EN"
	"http://struts.apache.org/dtds/struts-2.3.dtd">

<struts>
	<package name="test" extends="struts-default" namespace="/">
		<action name="test_*" class="cn.yun.test.action.TestAction" method="{1}">
			<result name="success">/WEB-INF/jsp/test/test.jsp</result>
			<result name="hib">/WEB-INF/jsp/test/hib.jsp</result>
		</action>
	</package>
	
</struts>
